<?xml version="1.0" encoding="UTF-8"?>
<!-- Generated by org.testng.reporters.JUnitXMLReporter -->
<testsuite ignored="0" hostname="DESKTOP-21T6B4I" failures="1" tests="1" name="Test1" time="0.074" errors="0" timestamp="2023-12-02T14:59:07 GMT">
  <testcase classname="mavenforjenkins.UITest" name="startBrowser" time="0.0">
    <failure type="org.testng.TestNGException" message="
Parameter &amp;apos;Browser&amp;apos; is required by @Test on method startBrowser but has not been marked @Optional or defined
in C:\Users\Narsing\Downloads\mukeshrepo\testng.xml">
      <![CDATA[org.testng.TestNGException: 
Parameter 'Browser' is required by @Test on method startBrowser but has not been marked @Optional or defined
in C:\Users\Narsing\Downloads\mukeshrepo\testng.xml
at java.base/java.util.ArrayList.forEach(ArrayList.java:1596)
... Removed 30 stack frames]]>
    </failure>
  </testcase> <!-- startBrowser -->
</testsuite> <!-- Test1 -->
